C:\USERS\Андрей Ветров\DOCUMENTS\GITHUB\YAP3.1\YAP3.1\DEBUG\MAIN.OBJ
C:\USERS\АНДРЕЙ ВЕТРОВ\DOCUMENTS\GITHUB\YAP3.1\YAP3.1\DEBUG\VC110.PDB
C:\USERS\Андрей Ветров\DOCUMENTS\GITHUB\YAP3.1\DEBUG\YAP3.1.ILK
C:\USERS\Андрей Ветров\DOCUMENTS\GITHUB\YAP3.1\DEBUG\YAP3.1.EXE
C:\USERS\АНДРЕЙ ВЕТРОВ\DOCUMENTS\GITHUB\YAP3.1\DEBUG\YAP3.1.PDB
C:\Users\Андрей Ветров\Documents\GitHub\yap3.1\yap3.1\Debug\newton.obj
C:\Users\Андрей Ветров\Documents\GitHub\yap3.1\yap3.1\Debug\main.obj
C:\Users\Андрей Ветров\Documents\GitHub\yap3.1\yap3.1\Debug\cl.command.1.tlog
C:\Users\Андрей Ветров\Documents\GitHub\yap3.1\yap3.1\Debug\CL.read.1.tlog
C:\Users\Андрей Ветров\Documents\GitHub\yap3.1\yap3.1\Debug\CL.write.1.tlog
C:\Users\Андрей Ветров\Documents\GitHub\yap3.1\yap3.1\Debug\link-cvtres.read.1.tlog
C:\Users\Андрей Ветров\Documents\GitHub\yap3.1\yap3.1\Debug\link-cvtres.write.1.tlog
C:\Users\Андрей Ветров\Documents\GitHub\yap3.1\yap3.1\Debug\link-rc.read.1.tlog
C:\Users\Андрей Ветров\Documents\GitHub\yap3.1\yap3.1\Debug\link-rc.write.1.tlog
C:\Users\Андрей Ветров\Documents\GitHub\yap3.1\yap3.1\Debug\link.command.1.tlog
C:\Users\Андрей Ветров\Documents\GitHub\yap3.1\yap3.1\Debug\link.read.1.tlog
C:\Users\Андрей Ветров\Documents\GitHub\yap3.1\yap3.1\Debug\link.write.1.tlog
C:\Users\Андрей Ветров\Documents\GitHub\yap3.1\yap3.1\Debug\yap3.1.write.1.tlog
C:\Users\Андрей Ветров\Documents\GitHub\yap3.1\yap3.1\Debug\vc110.idb
C:\Users\Андрей Ветров\Documents\GitHub\yap3.1\yap3.1\Debug\vc110.pdb
C:\Users\Андрей Ветров\Documents\GitHub\yap3.1\Debug\yap3.1.pdb
C:\Users\Андрей Ветров\Documents\GitHub\yap3.1\Debug\yap3.1.exe
C:\Users\Андрей Ветров\Documents\GitHub\yap3.1\Debug\yap3.1.ilk
